2024-06-03 16:33:20 [32minfo[39m: Logger configurado correctamente
2024-06-03 16:33:20 [32minfo[39m: Servidor escuchando en http://localhost:3001
2024-06-03 16:38:08 [32minfo[39m: Logger configurado correctamente
2024-06-03 16:38:09 [32minfo[39m: Servidor escuchando en http://localhost:3001
info: Servidor escuchando en http://localhost:8080
info: Servidor escuchando en http://localhost:3001
info: Servidor escuchando en http://localhost:8080
info: Servidor escuchando en http://localhost:8080
info: Servidor escuchando en http://localhost:8080
info: Servidor escuchando en http://localhost:8080
debug: Debug log (should appear in development)
http: HTTP log (should appear in development)
info: Info log (should appear in both development and production)
warning: Warning log (should appear in both development and production)
error: Error log (should appear in both development and production)
info: Servidor escuchando en http://localhost:8080
debug: Debug log (should appear in development)
http: HTTP log (should appear in development)
info: Info log (should appear in both development and production)
warning: Warning log (should appear in both development and production)
error: Error log (should appear in both development and production)
info: Servidor escuchando en http://localhost:8080
debug: Debug log (should appear in development)
http: HTTP log (should appear in development)
info: Info log (should appear in both development and production)
warning: Warning log (should appear in both development and production)
error: Error log (should appear in both development and production)
info: Servidor escuchando en http://localhost:3001
info: Servidor escuchando en http://localhost:3001
info: Servidor escuchando en http://localhost:8080
debug: Debug log (should appear in development)
http: HTTP log (should appear in development)
info: Info log (should appear in both development and production)
warning: Warning log (should appear in both development and production)
error: Error log (should appear in both development and production)
info: Servidor escuchando en http://localhost:8080
debug: Debug log (should appear in development)
http: HTTP log (should appear in development)
info: Info log (should appear in both development and production)
warning: Warning log (should appear in both development and production)
error: Error log (should appear in both development and production)
info: Servidor escuchando en http://localhost:8080
info: Servidor escuchando en http://localhost:8080
info: GET en /loggerTest - 5:24:35 PM
info: Servidor escuchando en http://localhost:8080
info: GET en /loggerTest - 5:26:18 PM
debug: Debug log (should appear in development)
http: HTTP log (should appear in development)
info: Info log (should appear in both development and production)
warning: Warning log (should appear in both development and production)
error: Error log (should appear in both development and production)
info: GET en /login - 5:26:27 PM
info: GET en /css/login.css - 5:26:27 PM
info: Servidor escuchando en http://localhost:8080
info: Servidor escuchando en http://localhost:8080
info: Servidor escuchando en http://localhost:8080
info: Servidor escuchando en http://localhost:8080
info: Servidor escuchando en http://localhost:8080
info: Servidor escuchando en http://localhost:8080
info: Servidor escuchando en http://localhost:8080
info: Servidor escuchando en http://localhost:8080
info: Servidor escuchando en http://localhost:8080
info: Servidor escuchando en http://localhost:8080
info: Servidor escuchando en http://localhost:8080
info: Servidor escuchando en http://localhost:8080
info: Servidor escuchando en http://localhost:8080
info: Servidor escuchando en http://localhost:8080
info: Servidor escuchando en http://localhost:8080
info: Servidor escuchando en http://localhost:8080
info: Servidor escuchando en http://localhost:8080
info: POST en /session/login - 5:49:38 PM
info: GET en /session/current - 5:49:39 PM
info: GET en / - 5:49:39 PM
info: GET en /css/index.css - 5:49:39 PM
info: GET en /js/buttonHandlers.js - 5:49:39 PM
info: GET en /users - 5:49:40 PM
info: Obteniendo usuarios en la página 1
info: GET en /css/navbar.css - 5:49:41 PM
info: GET en /css/users.css - 5:49:41 PM
info: GET en /js/users.js - 5:49:41 PM
info: Servidor escuchando en http://localhost:8080
info: Servidor escuchando en http://localhost:8080
info: Servidor escuchando en http://localhost:8080
info: Servidor escuchando en http://localhost:8080
info: Servidor escuchando en http://localhost:8080
info: Servidor escuchando en http://localhost:8080
info: Servidor escuchando en http://localhost:8080
info: Servidor escuchando en http://localhost:8080
info: Servidor escuchando en http://localhost:8080
info: Servidor escuchando en http://localhost:8080
info: Servidor escuchando en http://localhost:8080
info: Servidor escuchando en http://localhost:8080
info: Cliente conectado
info: Cliente conectado
info: Cliente conectado
info: Cliente conectado
info: Cliente conectado
info: Cliente conectado
info: Servidor escuchando en http://localhost:8080
info: Cliente conectado
info: Cliente conectado
info: Cliente conectado
info: Cliente conectado
info: Cliente conectado
info: Cliente conectado
info: Servidor escuchando en http://localhost:8080
info: Cliente conectado
info: Cliente conectado
info: Cliente conectado
info: Cliente conectado
info: Cliente conectado
info: Cliente conectado
info: Servidor escuchando en http://localhost:8080
info: Cliente conectado
info: Cliente conectado
info: Cliente conectado
info: Cliente conectado
info: Cliente conectado
info: Cliente conectado
info: Servidor escuchando en http://localhost:8080
info: Cliente conectado
info: Cliente conectado
info: Cliente conectado
info: Cliente conectado
info: Cliente conectado
info: Cliente conectado
info: Base de datos conectada
info: Logger mode: undefined
info: Servidor escuchando en http://localhost:8080
info: Cliente conectado
info: Cliente conectado
info: Cliente conectado
info: Cliente conectado
info: Cliente conectado
info: Cliente conectado
info: Base de datos conectada
info: Logger mode: undefined
info: Servidor escuchando en http://localhost:8080
info: Cliente conectado
info: Cliente conectado
info: Cliente conectado
info: Cliente conectado
info: Cliente conectado
info: Cliente conectado
info: Base de datos conectada
info: Logger mode: undefined
info: Servidor escuchando en http://localhost:8080
info: Cliente conectado
info: Cliente conectado
info: Cliente conectado
info: Cliente conectado
info: Cliente conectado
info: Cliente conectado
info: Base de datos conectada
info: Logger mode: development
info: Servidor escuchando en http://localhost:8080
info: Cliente conectado
info: Cliente conectado
info: Cliente conectado
info: Cliente conectado
info: Cliente conectado
info: Cliente conectado
info: Logger mode: undefined
info: Servidor escuchando en http://localhost:8080
info: Cliente conectado
info: Cliente conectado
info: Cliente conectado
info: Cliente conectado
info: Cliente conectado
info: Cliente conectado
info: Base de datos conectada
info: Logger mode: undefined
info: Servidor escuchando en http://localhost:8080
info: Cliente conectado
info: Cliente conectado
info: Cliente conectado
info: Cliente conectado
info: Cliente conectado
info: Cliente conectado
info: Base de datos conectada
info: Logger mode: undefined
info: Servidor escuchando en http://localhost:8080
info: Cliente conectado
info: Cliente conectado
info: Cliente conectado
info: Cliente conectado
info: Cliente conectado
info: Cliente conectado
info: Base de datos conectada
info: Logger mode: undefined
info: Servidor escuchando en http://localhost:8080
info: Cliente conectado
info: Cliente conectado
info: Cliente conectado
info: Cliente conectado
info: Cliente conectado
info: Cliente conectado
info: Base de datos conectada
info: Logger mode: undefined
info: Servidor escuchando en http://localhost:8080
info: Cliente conectado
info: Cliente conectado
info: Cliente conectado
info: Cliente conectado
info: Cliente conectado
info: Cliente conectado
info: Base de datos conectada
info: Logger mode: undefined
info: Servidor escuchando en http://localhost:8080
info: Cliente conectado
info: Cliente conectado
info: Cliente conectado
info: Cliente conectado
info: Cliente conectado
info: Cliente conectado
info: Base de datos conectada
info: Logger mode: undefined
info: Servidor escuchando en http://localhost:8080
info: Cliente conectado
info: Cliente conectado
info: Cliente conectado
info: Cliente conectado
info: Cliente conectado
info: Cliente conectado
info: Base de datos conectada
info: Logger mode: undefined
info: Servidor escuchando en http://localhost:8080
info: Cliente conectado
info: Cliente conectado
info: Cliente conectado
info: Cliente conectado
info: Cliente conectado
info: Cliente conectado
info: Base de datos conectada
info: Logger mode: undefined
info: Servidor escuchando en http://localhost:8080
info: Cliente conectado
info: Cliente conectado
info: Cliente conectado
info: Cliente conectado
info: Cliente conectado
info: Cliente conectado
info: Logger mode: undefined
info: Servidor escuchando en http://localhost:8080
info: Cliente conectado
info: Cliente conectado
info: Cliente conectado
info: Cliente conectado
info: Cliente conectado
info: Cliente conectado
info: Logger mode: undefined
info: Servidor escuchando en http://localhost:8080
info: Cliente conectado
info: Cliente conectado
info: Cliente conectado
info: Cliente conectado
info: Cliente conectado
info: Cliente conectado
info: Logger mode: undefined
info: Servidor escuchando en http://localhost:8080
info: Cliente conectado
info: Cliente conectado
info: Cliente conectado
info: Cliente conectado
info: Cliente conectado
info: Cliente conectado
info: Logger mode: undefined
info: Servidor escuchando en http://localhost:8080
info: Cliente conectado
info: Cliente conectado
info: Cliente conectado
info: Cliente conectado
info: Cliente conectado
info: Cliente conectado
info: Logger mode: undefined
info: Servidor escuchando en http://localhost:8080
info: Cliente conectado
info: Cliente conectado
info: Cliente conectado
info: Cliente conectado
info: Cliente conectado
info: Cliente conectado
info: Logger mode: desarrollo
info: Servidor escuchando en http://localhost:8080
info: Cliente conectado
info: Cliente conectado
info: Cliente conectado
info: Cliente conectado
info: Cliente conectado
info: Cliente conectado
info: Logger mode: desarrollo
info: Servidor escuchando en http://localhost:8080
info: Cliente conectado
info: Cliente conectado
info: Cliente conectado
info: Cliente conectado
info: Cliente conectado
info: Cliente conectado
info: Logger mode: desarrollo
info: Servidor escuchando en http://localhost:8080
info: Cliente conectado
info: Cliente conectado
info: Cliente conectado
info: Cliente conectado
info: Cliente conectado
info: Cliente conectado
info: El nivel de logging configurado es: debug
info: Logger mode: desarrollo
info: Servidor escuchando en http://localhost:8080
info: Cliente conectado
info: Cliente conectado
info: Cliente conectado
info: Cliente conectado
info: Cliente conectado
info: Cliente conectado
info: El nivel de logging configurado es: debug
info: Logger mode: desarrollo
info: Servidor escuchando en http://localhost:8080
info: Cliente conectado
info: Cliente conectado
info: Cliente conectado
info: Cliente conectado
info: Cliente conectado
info: Cliente conectado
info: El nivel de logging configurado es: debug
info: Logger mode: desarrollo
info: Servidor escuchando en http://localhost:8080
info: Cliente conectado
info: Cliente conectado
info: Cliente conectado
info: Cliente conectado
info: Cliente conectado
info: Cliente conectado
info: El nivel de logging configurado es: debug
info: Logger mode: desarrollo
info: Servidor escuchando en http://localhost:8080
info: Cliente conectado
info: Cliente conectado
info: Cliente conectado
info: Cliente conectado
info: Cliente conectado
info: Cliente conectado
info: El nivel de logging configurado es: debug
info: Logger mode: desarrollo
info: Servidor escuchando en http://localhost:8080
info: Cliente conectado
info: Cliente conectado
info: Cliente conectado
info: Cliente conectado
info: Cliente conectado
info: Cliente conectado
info: El nivel de logging configurado es: debug
info: Logger mode: desarrollo
info: Servidor escuchando en http://localhost:8080
info: Cliente conectado
info: Cliente conectado
info: Cliente conectado
info: Cliente conectado
info: Cliente conectado
info: Cliente conectado
info: El nivel de logging configurado es: debug
info: Logger mode: desarrollo
info: Servidor escuchando en http://localhost:8080
info: Cliente conectado
info: Cliente conectado
info: Cliente conectado
info: Cliente conectado
info: Cliente conectado
info: Cliente conectado
info: El nivel de logging configurado es: debug
info: Logger mode: desarrollo
info: Servidor escuchando en http://localhost:8080
info: Cliente conectado
info: Cliente conectado
info: Cliente conectado
info: Cliente conectado
info: Cliente conectado
info: Cliente conectado
error: Error log (should appear in both development and production)
fatal: Fatal log (should appear in both development and production)
error: Error log (should appear in both development and production)
fatal: Fatal log (should appear in both development and production)
error: Error al obtener usuarios por consulta: Cannot read properties of undefined (reading 'send') {"stack":"TypeError: Cannot read properties of undefined (reading 'send')\n    at UserController.getUsersBy (/Users/alejandrosabio/Desktop/Programaci-n-Backend---Coderhouse/15 - ENTREGA Nº15/src/controllers/user.controller.js:28:17)\n    at process.processTicksAndRejections (node:internal/process/task_queues:95:5)\n    at async /Users/alejandrosabio/Desktop/Programaci-n-Backend---Coderhouse/15 - ENTREGA Nº15/src/routes/resetPassword.router.js:85:22"}
error: Error al obtener usuarios por consulta: Cannot read properties of undefined (reading 'send') {"stack":"TypeError: Cannot read properties of undefined (reading 'send')\n    at UserController.getUsersBy (/Users/alejandrosabio/Desktop/Programaci-n-Backend---Coderhouse/15 - ENTREGA Nº15/src/controllers/user.controller.js:28:17)\n    at process.processTicksAndRejections (node:internal/process/task_queues:95:5)\n    at async /Users/alejandrosabio/Desktop/Programaci-n-Backend---Coderhouse/15 - ENTREGA Nº15/src/routes/resetPassword.router.js:86:22"}
error: Error al obtener usuarios por consulta: Cannot read properties of undefined (reading 'send') {"stack":"TypeError: Cannot read properties of undefined (reading 'send')\n    at UserController.getUsersBy (/Users/alejandrosabio/Desktop/Programaci-n-Backend---Coderhouse/15 - ENTREGA Nº15/src/controllers/user.controller.js:28:17)\n    at process.processTicksAndRejections (node:internal/process/task_queues:95:5)\n    at async /Users/alejandrosabio/Desktop/Programaci-n-Backend---Coderhouse/15 - ENTREGA Nº15/src/routes/resetPassword.router.js:86:22"}
error: Error al obtener usuarios por consulta: Cannot read properties of undefined (reading 'send') {"stack":"TypeError: Cannot read properties of undefined (reading 'send')\n    at UserController.getUsersBy (/Users/alejandrosabio/Desktop/Programaci-n-Backend---Coderhouse/15 - ENTREGA Nº15/src/controllers/user.controller.js:28:17)\n    at process.processTicksAndRejections (node:internal/process/task_queues:95:5)\n    at async /Users/alejandrosabio/Desktop/Programaci-n-Backend---Coderhouse/15 - ENTREGA Nº15/src/routes/resetPassword.router.js:88:22"}
error: Error al obtener usuarios por consulta: Cannot read properties of undefined (reading 'send') {"stack":"TypeError: Cannot read properties of undefined (reading 'send')\n    at UserController.getUsersBy (/Users/alejandrosabio/Desktop/Programaci-n-Backend---Coderhouse/15 - ENTREGA Nº15/src/controllers/user.controller.js:28:17)\n    at process.processTicksAndRejections (node:internal/process/task_queues:95:5)\n    at async /Users/alejandrosabio/Desktop/Programaci-n-Backend---Coderhouse/15 - ENTREGA Nº15/src/routes/resetPassword.router.js:89:22"}
error: Error al obtener usuarios por consulta: Cannot read properties of undefined (reading 'send') {"stack":"TypeError: Cannot read properties of undefined (reading 'send')\n    at UserController.getUsersBy (/Users/alejandrosabio/Desktop/Programaci-n-Backend---Coderhouse/15 - ENTREGA Nº15/src/controllers/user.controller.js:28:17)\n    at process.processTicksAndRejections (node:internal/process/task_queues:95:5)\n    at async /Users/alejandrosabio/Desktop/Programaci-n-Backend---Coderhouse/15 - ENTREGA Nº15/src/routes/resetPassword.router.js:89:22"}
error: Error al obtener usuarios por consulta: Cannot read properties of undefined (reading 'send') {"stack":"TypeError: Cannot read properties of undefined (reading 'send')\n    at UserController.getUsersBy (/Users/alejandrosabio/Desktop/Programaci-n-Backend---Coderhouse/15 - ENTREGA Nº15/src/controllers/user.controller.js:29:17)\n    at process.processTicksAndRejections (node:internal/process/task_queues:95:5)\n    at async /Users/alejandrosabio/Desktop/Programaci-n-Backend---Coderhouse/15 - ENTREGA Nº15/src/routes/resetPassword.router.js:89:22"}
error: Error al obtener usuarios por consulta: Cannot read properties of undefined (reading 'send') {"stack":"TypeError: Cannot read properties of undefined (reading 'send')\n    at UserController.getUsersBy (/Users/alejandrosabio/Desktop/Programaci-n-Backend---Coderhouse/15 - ENTREGA Nº15/src/controllers/user.controller.js:29:17)\n    at process.processTicksAndRejections (node:internal/process/task_queues:95:5)\n    at async /Users/alejandrosabio/Desktop/Programaci-n-Backend---Coderhouse/15 - ENTREGA Nº15/src/routes/resetPassword.router.js:89:22"}
error: Error al obtener usuarios por consulta: Cannot read properties of undefined (reading 'send') {"stack":"TypeError: Cannot read properties of undefined (reading 'send')\n    at UserController.getUsersBy (/Users/alejandrosabio/Desktop/Programaci-n-Backend---Coderhouse/15 - ENTREGA Nº15/src/controllers/user.controller.js:29:17)\n    at process.processTicksAndRejections (node:internal/process/task_queues:95:5)\n    at async /Users/alejandrosabio/Desktop/Programaci-n-Backend---Coderhouse/15 - ENTREGA Nº15/src/routes/resetPassword.router.js:90:22"}
error: Error al obtener mensajes existentes:
error: Error al obtener mensajes existentes:
error: Error al obtener mensajes existentes:
error: Error al obtener mensajes existentes:
error: Error al obtener mensajes existentes:
error: Error al obtener mensajes existentes:
error: Error al obtener mensajes existentes:
error: Error al obtener mensajes existentes:
error: Error al obtener mensajes existentes:
error: Error al obtener mensajes existentes:
error: Error al obtener mensajes existentes:
error: Error al obtener mensajes existentes:
error: Error al obtener mensajes existentes:
error: Error al obtener mensajes existentes:
error: Error al obtener mensajes existentes:
error: Error al obtener mensajes existentes:
